0 info it worked if it ends with ok
1 verbose cli [ '/Users/tech/.nvm/v0.10.2/bin/node',
1 verbose cli   '/Users/tech/.nvm/v0.10.2/bin/npm',
1 verbose cli   'install' ]
2 info using npm@1.2.15
3 info using node@v0.10.2
4 verbose read json /Users/tech/Documents/9352_UK_PA_B2B_Aircraft_LP_Desktop/aircraft_search_tool/package.json
5 error install Couldn't read dependencies
6 error Error: ENOENT, open '/Users/tech/Documents/9352_UK_PA_B2B_Aircraft_LP_Desktop/aircraft_search_tool/package.json'
7 error If you need help, you may report this log at:
7 error     <http://github.com/isaacs/npm/issues>
7 error or email it to:
7 error     <npm-@googlegroups.com>
8 error System Darwin 15.5.0
9 error command "/Users/tech/.nvm/v0.10.2/bin/node" "/Users/tech/.nvm/v0.10.2/bin/npm" "install"
10 error cwd /Users/tech/Documents/9352_UK_PA_B2B_Aircraft_LP_Desktop/aircraft_search_tool
11 error node -v v0.10.2
12 error npm -v 1.2.15
13 error path /Users/tech/Documents/9352_UK_PA_B2B_Aircraft_LP_Desktop/aircraft_search_tool/package.json
14 error code ENOENT
15 error errno 34
16 verbose exit [ 34, true ]
